<?xml version="1.0" encoding="UTF-8"?>
<!-- Generated by org.testng.reporters.JUnitReportReporter -->
<testsuite hostname="Mohannas-MBP.home" name="SeleniumMethods.Sel_39_TestNG_1" tests="2" failures="0" timestamp="26 Jun 2020 01:35:31 GMT" time="15.536" errors="0">
  <testcase name="invalidCredentials" time="8.007" classname="SeleniumMethods.Sel_39_TestNG_1"/>
  <testcase name="getTitle" time="7.529" classname="SeleniumMethods.Sel_39_TestNG_1"/>
</testsuite> <!-- SeleniumMethods.Sel_39_TestNG_1 -->
